# JRE version: OpenJDK Runtime Environment Microsoft-25199 (11.0.12+7) (build 11.0.12+7)
# Java VM: OpenJDK 64-Bit Server VM Microsoft-25199 (11.0.12+7, mixed mode, tiered, compressed oops, g1 gc, windows-amd64)
Heap:
 garbage-first heap   total 722944K, used 117386K [0x0000000600800000, 0x0000000800000000)
  region size 2048K, 10 young (20480K), 3 survivors (6144K)
 Metaspace       used 15022K, capacity 15212K, committed 15360K, reserved 1062912K
  class space    used 1431K, capacity 1531K, committed 1536K, reserved 1048576K
GC Heap History (16 events):
Event: 0.429 GC heap before
{Heap before GC invocations=0 (full 0):
 garbage-first heap   total 524288K, used 53248K [0x0000000600800000, 0x0000000800000000)
  region size 2048K, 12 young (24576K), 0 survivors (0K)
 Metaspace       used 5555K, capacity 5598K, committed 5888K, reserved 1056768K
  class space    used 453K, capacity 458K, committed 512K, reserved 1048576K
}
Event: 0.438 GC heap after
{Heap after GC invocations=1 (full 0):
 garbage-first heap   total 524288K, used 25806K [0x0000000600800000, 0x0000000800000000)
  region size 2048K, 2 young (4096K), 2 survivors (4096K)
 Metaspace       used 5555K, capacity 5598K, committed 5888K, reserved 1056768K
  class space    used 453K, capacity 458K, committed 512K, reserved 1048576K
}
Event: 0.634 GC heap before
{Heap before GC invocations=1 (full 0):
 garbage-first heap   total 524288K, used 46286K [0x0000000600800000, 0x0000000800000000)
  region size 2048K, 12 young (24576K), 2 survivors (4096K)
 Metaspace       used 7135K, capacity 7169K, committed 7296K, reserved 1056768K
  class space    used 603K, capacity 619K, committed 640K, reserved 1048576K
}
Event: 0.644 GC heap after
{Heap after GC invocations=2 (full 0):
 garbage-first heap   total 524288K, used 38431K [0x0000000600800000, 0x0000000800000000)
  region size 2048K, 2 young (4096K), 2 survivors (4096K)
 Metaspace       used 7135K, capacity 7169K, committed 7296K, reserved 1056768K
  class space    used 603K, capacity 619K, committed 640K, reserved 1048576K
}
Event: 0.930 GC heap before
{Heap before GC invocations=2 (full 0):
 garbage-first heap   total 524288K, used 67103K [0x0000000600800000, 0x0000000800000000)
  region size 2048K, 12 young (24576K), 2 survivors (4096K)
 Metaspace       used 10001K, capacity 10190K, committed 10240K, reserved 1058816K
  class space    used 947K, capacity 1014K, committed 1024K, reserved 1048576K
}
Event: 0.936 GC heap after
{Heap after GC invocations=3 (full 0):
 garbage-first heap   total 524288K, used 49668K [0x0000000600800000, 0x0000000800000000)
  region size 2048K, 2 young (4096K), 2 survivors (4096K)
 Metaspace       used 10001K, capacity 10190K, committed 10240K, reserved 1058816K
  class space    used 947K, capacity 1014K, committed 1024K, reserved 1048576K
}
Event: 1.011 GC heap before
{Heap before GC invocations=3 (full 0):
 garbage-first heap   total 524288K, used 86532K [0x0000000600800000, 0x0000000800000000)
  region size 2048K, 12 young (24576K), 2 survivors (4096K)
 Metaspace       used 10008K, capacity 10190K, committed 10240K, reserved 1058816K
  class space    used 947K, capacity 1014K, committed 1024K, reserved 1048576K
}
Event: 1.020 GC heap after
{Heap after GC invocations=4 (full 0):
 garbage-first heap   total 524288K, used 64596K [0x0000000600800000, 0x0000000800000000)
  region size 2048K, 2 young (4096K), 2 survivors (4096K)
 Metaspace       used 10008K, capacity 10190K, committed 10240K, reserved 1058816K
  class space    used 947K, capacity 1014K, committed 1024K, reserved 1048576K
}
Event: 1.168 GC heap before
{Heap before GC invocations=4 (full 0):
 garbage-first heap   total 524288K, used 95316K [0x0000000600800000, 0x0000000800000000)
  region size 2048K, 13 young (26624K), 2 survivors (4096K)
 Metaspace       used 10057K, capacity 10190K, committed 10240K, reserved 1058816K
  class space    used 952K, capacity 1014K, committed 1024K, reserved 1048576K
}
Event: 1.180 GC heap after
{Heap after GC invocations=5 (full 0):
 garbage-first heap   total 722944K, used 71564K [0x0000000600800000, 0x0000000800000000)
  region size 2048K, 2 young (4096K), 2 survivors (4096K)
 Metaspace       used 10057K, capacity 10190K, committed 10240K, reserved 1058816K
  class space    used 952K, capacity 1014K, committed 1024K, reserved 1048576K
}
Event: 1.316 GC heap before
{Heap before GC invocations=5 (full 0):
 garbage-first heap   total 722944K, used 118668K [0x0000000600800000, 0x0000000800000000)
  region size 2048K, 17 young (34816K), 2 survivors (4096K)
 Metaspace       used 10058K, capacity 10254K, committed 10496K, reserved 1058816K
  class space    used 952K, capacity 1014K, committed 1024K, reserved 1048576K
}
Event: 1.327 GC heap after
{Heap after GC invocations=6 (full 0):
 garbage-first heap   total 722944K, used 93498K [0x0000000600800000, 0x0000000800000000)
  region size 2048K, 3 young (6144K), 3 survivors (6144K)
 Metaspace       used 10058K, capacity 10254K, committed 10496K, reserved 1058816K
  class space    used 952K, capacity 1014K, committed 1024K, reserved 1048576K
}
Event: 1.607 GC heap before
{Heap before GC invocations=6 (full 0):
 garbage-first heap   total 722944K, used 154938K [0x0000000600800000, 0x0000000800000000)
  region size 2048K, 21 young (43008K), 3 survivors (6144K)
 Metaspace       used 11090K, capacity 11278K, committed 11392K, reserved 1058816K
  class space    used 1063K, capacity 1142K, committed 1152K, reserved 1048576K
}
Event: 1.616 GC heap after
{Heap after GC invocations=7 (full 0):
 garbage-first heap   total 722944K, used 113095K [0x0000000600800000, 0x0000000800000000)
  region size 2048K, 3 young (6144K), 3 survivors (6144K)
 Metaspace       used 11090K, capacity 11278K, committed 11392K, reserved 1058816K
  class space    used 1063K, capacity 1142K, committed 1152K, reserved 1048576K
}
Event: 2.400 GC heap before
{Heap before GC invocations=7 (full 0):
 garbage-first heap   total 722944K, used 152007K [0x0000000600800000, 0x0000000800000000)
  region size 2048K, 22 young (45056K), 3 survivors (6144K)
 Metaspace       used 13584K, capacity 13752K, committed 13952K, reserved 1062912K
  class space    used 1291K, capacity 1367K, committed 1408K, reserved 1048576K
}
Event: 2.420 GC heap after
{Heap after GC invocations=8 (full 0):
 garbage-first heap   total 722944K, used 105098K [0x0000000600800000, 0x0000000800000000)
  region size 2048K, 3 young (6144K), 3 survivors (6144K)
 Metaspace       used 13584K, capacity 13752K, committed 13952K, reserved 1062912K
  class space    used 1291K, capacity 1367K, committed 1408K, reserved 1048576K
}

